<?xml version="1.0" encoding="UTF-8"?>
<testng-results ignored="0" total="1" passed="1" failed="0" skipped="0">
  <reporter-output>
  </reporter-output>
  <suite started-at="2022-02-21T11:40:14Z" name="Default suite" finished-at="2022-02-21T11:40:34Z" duration-ms="19494">
    <groups>
    </groups>
    <test started-at="2022-02-21T11:40:14Z" name="Default test" finished-at="2022-02-21T11:40:34Z" duration-ms="19494">
      <class name="CartTest.CartProductTest">
        <test-method is-config="true" signature="openBrowser()[pri:0, instance:CartTest.CartProductTest@aa549e5]" started-at="2022-02-21T11:40:14Z" name="openBrowser" finished-at="2022-02-21T11:40:17Z" duration-ms="3043" status="PASS">
          <reporter-output>
          </reporter-output>
        </test-method> <!-- openBrowser -->
        <test-method signature="test_to_login_add_product_checkout_verify_product_and_removal()[pri:0, instance:CartTest.CartProductTest@aa549e5]" started-at="2022-02-21T11:40:17Z" name="test_to_login_add_product_checkout_verify_product_and_removal" finished-at="2022-02-21T11:40:33Z" duration-ms="15559" status="PASS">
          <reporter-output>
          </reporter-output>
        </test-method> <!-- test_to_login_add_product_checkout_verify_product_and_removal -->
        <test-method is-config="true" signature="closeBrowser()[pri:0, instance:CartTest.CartProductTest@aa549e5]" started-at="2022-02-21T11:40:33Z" name="closeBrowser" finished-at="2022-02-21T11:40:34Z" duration-ms="694" status="PASS">
          <reporter-output>
          </reporter-output>
        </test-method> <!-- closeBrowser -->
      </class> <!-- CartTest.CartProductTest -->
    </test> <!-- Default test -->
  </suite> <!-- Default suite -->
</testng-results>
